undefined==null;
true
undefined===null;
false
var y='ub'biuiu';
VM169:1 Uncaught SyntaxError: Unexpected identifier 'biuiu'
var y="ibihvi"iubiih";
VM238:1 Uncaught SyntaxError: Unexpected identifier 'iubiih'
var y='onobo"ibb';
undefined
100+ bull;
VM317:1 Uncaught ReferenceError: bull is not defined
    at <anonymous>:1:6
(anonymous) @ VM317:1
100+"iuguv";
'100iuguv'
100+undefined;
NaN
isNaN(100+undefined)?0:100+undefined;
0
100/0;
Infinity
isFinite(100/0)?100:0;
0
typeof(100/0);
'number'
typeof(100+undefined);
'number'
typeof(12090918, "biuib");
'string'
typeof("kucboew", 897471);
'number'
isFinite(100/0, 121);
false
isFinite(97, 100/0);
true
[]==[];
false
[]===[];
false
{}=={};
VM1001:1 Uncaught SyntaxError: Unexpected token '=='
{} ==={};
VM1032:1 Uncaught SyntaxError: Unexpected token '==='
{}=={};
VM1055:1 Uncaught SyntaxError: Unexpected token '=='
[]=={}
false
console.log("bkvcvwev");
VM1147:1 bkvcvwev
undefined
typeof console;
'object'
typeof console.log;
'function'
var obj={id:98, name:"viic"};
undefined
console.log("buvuvvuv"+obj);
VM1410:1 buvuvvuv[object Object]
undefined
console.log("vivinjviv",obj);
VM1530:1 vivinjviv {id: 98, name: 'viic'}
undefined
var y="vivivi\"iubi";
undefined
"jhvhv"+obj;
'jhvhv[object Object]'
obj;
{id: 98, name: 'viic'}id: 98name: "viic"[[Prototype]]: Object
toString(obj);
'[object Undefined]'
isFinite(97+100/0);
false
console.dir(obj);
VM1776:1 Objectid: 98name: "viic"[[Prototype]]: Objectconstructor: ƒ Object()assign: ƒ assign()length: 2name: "assign"arguments: (...)caller: (...)[[Prototype]]: ƒ ()apply: ƒ apply()length: 2name: "apply"arguments: (...)caller: (...)[[Prototype]]: ƒ ()apply: ƒ apply()length: 2name: "apply"arguments: (...)caller: (...)[[Prototype]]: ƒ ()apply: ƒ apply()length: 2name: "apply"arguments: (...)caller: (...)[[Prototype]]: ƒ ()apply: ƒ apply()length: 2name: "apply"arguments: (...)caller: (...)[[Prototype]]: ƒ ()[[Scopes]]: Scopes[0]arguments: (...)bind: ƒ bind()call: ƒ call()caller: (...)constructor: ƒ Function()length: 0name: ""toString: ƒ toString()Symbol(Symbol.hasInstance): ƒ [Symbol.hasInstance]()get arguments: ƒ ()set arguments: ƒ ()get caller: ƒ ()set caller: ƒ ()[[FunctionLocation]]: ​[[Prototype]]: Object[[Scopes]]: Scopes[0][[Scopes]]: Scopes[0]arguments: (...)bind: ƒ bind()call: ƒ call()caller: (...)constructor: ƒ Function()length: 0name: ""toString: ƒ toString()Symbol(Symbol.hasInstance): ƒ [Symbol.hasInstance]()get arguments: ƒ ()set arguments: ƒ ()get caller: ƒ ()set caller: ƒ ()[[FunctionLocation]]: ​[[Prototype]]: Object[[Scopes]]: Scopes[0][[Scopes]]: Scopes[0]arguments: (...)bind: ƒ bind()call: ƒ call()caller: (...)constructor: ƒ Function()length: 0name: ""toString: ƒ toString()Symbol(Symbol.hasInstance): ƒ [Symbol.hasInstance]()get arguments: ƒ ()set arguments: ƒ ()get caller: ƒ ()set caller: ƒ ()[[FunctionLocation]]: ​[[Prototype]]: Object[[Scopes]]: Scopes[0][[Scopes]]: Scopes[0]arguments: (...)bind: ƒ bind()call: ƒ call()caller: (...)constructor: ƒ Function()length: 0name: ""toString: ƒ toString()Symbol(Symbol.hasInstance): ƒ [Symbol.hasInstance]()get arguments: ƒ ()set arguments: ƒ ()get caller: ƒ ()set caller: ƒ ()[[FunctionLocation]]: ​[[Prototype]]: Object[[Scopes]]: Scopes[0][[Scopes]]: Scopes[0]create: ƒ create()defineProperties: ƒ defineProperties()defineProperty: ƒ defineProperty()entries: ƒ entries()freeze: ƒ freeze()fromEntries: ƒ fromEntries()getOwnPropertyDescriptor: ƒ getOwnPropertyDescriptor()getOwnPropertyDescriptors: ƒ getOwnPropertyDescriptors()getOwnPropertyNames: ƒ getOwnPropertyNames()getOwnPropertySymbols: ƒ getOwnPropertySymbols()getPrototypeOf: ƒ getPrototypeOf()hasOwn: ƒ hasOwn()length: 2name: "hasOwn"arguments: (...)caller: (...)[[Prototype]]: ƒ ()[[Scopes]]: Scopes[0]is: ƒ is()isExtensible: ƒ isExtensible()isFrozen: ƒ isFrozen()isSealed: ƒ isSealed()keys: ƒ keys()length: 1name: "Object"preventExtensions: ƒ preventExtensions()prototype: {constructor: ƒ, __defineGetter__: ƒ, __defineSetter__: ƒ, hasOwnProperty: ƒ, __lookupGetter__: ƒ, …}seal: ƒ seal()setPrototypeOf: ƒ setPrototypeOf()values: ƒ values()arguments: (...)caller: (...)[[Prototype]]: ƒ ()[[Scopes]]: Scopes[0]hasOwnProperty: ƒ hasOwnProperty()isPrototypeOf: ƒ isPrototypeOf()length: 1name: "isPrototypeOf"arguments: (...)caller: (...)[[Prototype]]: ƒ ()[[Scopes]]: Scopes[0]propertyIsEnumerable: ƒ propertyIsEnumerable()toLocaleString: ƒ toLocaleString()toString: ƒ toString()valueOf: ƒ valueOf()__defineGetter__: ƒ __defineGetter__()length: 2name: "__defineGetter__"arguments: (...)caller: (...)[[Prototype]]: ƒ ()[[Scopes]]: Scopes[0]__defineSetter__: ƒ __defineSetter__()__lookupGetter__: ƒ __lookupGetter__()__lookupSetter__: ƒ __lookupSetter__()__proto__: (...)get __proto__: ƒ __proto__()set __proto__: ƒ __proto__()
undefined
console.dir(isNaN);
VM1858:1 ƒ isNaN()length: 1name: "isNaN"arguments: (...)caller: (...)[[Prototype]]: ƒ ()[[Scopes]]: Scopes[0]
undefined
console.dir(isFinite);
VM1929:1 ƒ isFinite()length: 1name: "isFinite"arguments: (...)caller: (...)[[Prototype]]: ƒ ()[[Scopes]]: Scopes[0]
undefined
console.table(arr);
VM1983:1 Uncaught ReferenceError: arr is not defined
    at <anonymous>:1:15
(anonymous) @ VM1983:1
